2021/07/17 13:52:29 F:/codegitee/golang_study/later_learning/data_service/main.go:15:  ------------ start  main ------------
2021/07/17 13:52:34 F:/codegitee/golang_study/later_learning/data_service/data_svr/process_db_weather.go:71: 
2021/07/17 13:52:34 F:/codegitee/golang_study/later_learning/data_service/data_svr/process_db_weather.go:74: 25℃
2021/07/17 13:52:34 F:/codegitee/golang_study/later_learning/data_service/data_svr/process_db_weather.go:77: 多云转小雨24 ~ 32℃
2021/07/17 13:52:34 F:/codegitee/golang_study/later_learning/data_service/data_svr/process_db_weather.go:30: C(time.Now().String() ==  2021-07-17
2021/07/17 13:52:34 F:/codegitee/golang_study/later_learning/data_service/data_svr/process_db_weather.go:33: Chrome visit page http://news.iciba.com/
2021/07/17 13:52:36 F:/codegitee/golang_study/later_learning/data_service/data_svr/process_db_weather.go:48: 如果你想参透今天，就必须探究昨天。    
2021/07/17 13:52:36 F:/codegitee/golang_study/later_learning/data_service/data_svr/process_db_weather.go:55: If you want to understand today , you have to search yesterday.
2021/07/17 13:52:38 F:/codegitee/golang_study/later_learning/data_service/sendmail/send_mail.go:49: send successfully ... 
2021/07/17 13:52:38 F:/codegitee/golang_study/later_learning/data_service/main.go:21:  ------------ wait next cron ------------
2021/07/17 22:18:47 /home/admin/golang_study/later_learning/data_service/main.go:16:  ------------ start  main ------------
2021/07/17 22:18:47 /home/admin/golang_study/later_learning/data_service/main.go:63:  ------------ wait next cron ------------
2021/07/17 22:20:00 /home/admin/golang_study/later_learning/data_service/data_svr/process_db_finance.go:25: Chrome visit page https://xueqiu.com/
2021/07/17 22:20:01 /home/admin/golang_study/later_learning/data_service/sendmail/send_mail.go:51: send mail success
2021/07/17 22:20:01 /home/admin/golang_study/later_learning/data_service/data_svr/process_db_finance.go:32: <div class="StockHotList_stock-hot__container_3fO StockHotList_board_Yio"><h3>热股榜<a class="StockHotList_more_NCE" href="/hq">更多</a></h3><div class="StockHotList_tabs__panel_1ah"><a class="StockHotList_active_2_L">全球</a><a class="">沪深</a><a class="">港股</a><a class="">美股</a></div><div class="StockHotList_stock-hot__time_3Z8"><a class="StockHotList_active_2_L">1小时内最热</a><i class="iconfont_iconfont_9UW  dot"></i><a class="">24小时内最热</a></div><table class="StockHotList_stock-hot__list_Do4 StockHotList_board__list_2rp"><tbody><tr><td>1</td><td><a href="/S/SH600771" target="_blank" rel="noreferrer noopener">广誉远</a></td><td class=" StockHotList_slip_2-Z"><i class="iconfont_iconfont_9UW  stockUp"></i></td><td class=" StockHotList_slip_2-Z">3274</td></tr><tr><td>2</td><td><a href="/S/SH603026" target="_blank" rel="noreferrer noopener">石大胜华</a></td><td class="StockHotList_gain_2E8 "><i class="iconfont_iconfont_9UW  stockDown"></i></td><td class="StockHotList_gain_2E8 ">2937</td></tr><tr><td>3</td><td><a href="/S/SZ300142" target="_blank" rel="noreferrer noopener">沃森生物</a></td><td class=" "><i class="iconfont_iconfont_9UW  stockDown"></i></td><td class=" ">2525</td></tr><tr><td>4</td><td><a href="/S/SH601919" target="_blank" rel="noreferrer noopener">中远海控</a></td><td class=" "><i class="iconfont_iconfont_9UW  stockDown"></i></td><td class=" ">2338</td></tr><tr><td>5</td><td><a href="/S/SZ002594" target="_blank" rel="noreferrer noopener">比亚迪</a></td><td class="StockHotList_gain_2E8 "><i class="iconfont_iconfont_9UW  stockDown"></i></td><td class="StockHotList_gain_2E8 ">2121</td></tr><tr><td>6</td><td><a href="/S/SZ300750" target="_blank" rel="noreferrer noopener">宁德时代</a></td><td class="StockHotList_gain_2E8 "><i class="iconfont_iconfont_9UW  stockDown"></i></td><td class="StockHotList_gain_2E8 ">1784</td></tr><tr><td>7</td><td><a href="/S/SZ002714" target="_blank" rel="noreferrer noopener">牧原股份</a></td><td class="StockHotList_gain_2E8 "><i class="iconfont_iconfont_9UW  stockDown"></i></td><td class="StockHotList_gain_2E8 ">1737</td></tr><tr><td>8</td><td><a href="/S/SZ000725" target="_blank" rel="noreferrer noopener">京东方A</a></td><td class=" StockHotList_slip_2-Z"><i class="iconfont_iconfont_9UW  stockUp"></i></td><td class=" StockHotList_slip_2-Z">1735</td></tr></tbody></table></div>
2021/07/17 22:20:01 /home/admin/golang_study/later_learning/data_service/data_svr/process_db_finance.go:12: <h3>雪球热股榜 - 沪深</h3><table border='2' width='500px'><tr align='center'><td>1</td><td>广誉远</td><td bgcolor='red'>Up</td><td>3274</td></tr><tr align='center'><td>2</td><td>石大胜华</td><td bgcolor='green'>Down</td><td>2937</td></tr><tr align='center'><td>3</td><td>沃森生物</td><td bgcolor='green'>Down</td><td>2525</td></tr><tr align='center'><td>4</td><td>中远海控</td><td bgcolor='green'>Down</td><td>2338</td></tr><tr align='center'><td>5</td><td>比亚迪</td><td bgcolor='green'>Down</td><td>2121</td></tr><tr align='center'><td>6</td><td>宁德时代</td><td bgcolor='green'>Down</td><td>1784</td></tr><tr align='center'><td>7</td><td>牧原股份</td><td bgcolor='green'>Down</td><td>1737</td></tr><tr align='center'><td>8</td><td>京东方A</td><td bgcolor='red'>Up</td><td>1735</td></tr></table>
2021/07/17 22:20:03 /home/admin/golang_study/later_learning/data_service/sendmail/send_mail.go:51: send mail success
2021/07/17 22:22:38 /home/admin/golang_study/later_learning/data_service/main.go:16:  ------------ start  main ------------
2021/07/17 22:22:38 /home/admin/golang_study/later_learning/data_service/main.go:63:  ------------ wait next cron ------------
2021/07/18 09:00:03 /home/admin/golang_study/later_learning/data_service/data_svr/process_db_weather.go:75: 达州天气
2021/07/18 09:00:03 /home/admin/golang_study/later_learning/data_service/data_svr/process_db_weather.go:78: 26℃
2021/07/18 09:00:03 /home/admin/golang_study/later_learning/data_service/data_svr/process_db_weather.go:81: 阴转中雨24 ~ 32℃
2021/07/18 09:00:03 /home/admin/golang_study/later_learning/data_service/data_svr/process_db_weather.go:30: C(time.Now().String() ==  2021-07-18
2021/07/18 09:00:03 /home/admin/golang_study/later_learning/data_service/data_svr/process_db_weather.go:33: Chrome visit page http://news.iciba.com/
2021/07/18 09:00:04 /home/admin/golang_study/later_learning/data_service/data_svr/process_db_weather.go:48: 铭记虽痛苦，但遗忘更糟糕。      
2021/07/18 09:00:04 /home/admin/golang_study/later_learning/data_service/data_svr/process_db_weather.go:55: It hurts to remember，but it would be worse to forget.
2021/07/18 09:00:06 /home/admin/golang_study/later_learning/data_service/sendmail/send_mail.go:51: send mail success
2021/07/18 09:10:00 /home/admin/golang_study/later_learning/data_service/data_svr/process_db_finance.go:25: Chrome visit page https://xueqiu.com/
2021/07/18 09:10:01 /home/admin/golang_study/later_learning/data_service/data_svr/process_db_finance.go:32: <div class="StockHotList_stock-hot__container_3fO StockHotList_board_Yio"><h3>热股榜<a class="StockHotList_more_NCE" href="/hq">更多</a></h3><div class="StockHotList_tabs__panel_1ah"><a class="StockHotList_active_2_L">全球</a><a class="">沪深</a><a class="">港股</a><a class="">美股</a></div><div class="StockHotList_stock-hot__time_3Z8"><a class="StockHotList_active_2_L">1小时内最热</a><i class="iconfont_iconfont_9UW  dot"></i><a class="">24小时内最热</a></div><table class="StockHotList_stock-hot__list_Do4 StockHotList_board__list_2rp"><tbody><tr><td>1</td><td><a href="/S/SH600771" target="_blank" rel="noreferrer noopener">广誉远</a></td><td class="StockHotList_gain_2E8 "><i class="iconfont_iconfont_9UW  stockDown"></i></td><td class="StockHotList_gain_2E8 ">2847</td></tr><tr><td>2</td><td><a href="/S/SZ300142" target="_blank" rel="noreferrer noopener">沃森生物</a></td><td class="StockHotList_gain_2E8 "><i class="iconfont_iconfont_9UW  stockDown"></i></td><td class="StockHotList_gain_2E8 ">1935</td></tr><tr><td>3</td><td><a href="/S/SH601919" target="_blank" rel="noreferrer noopener">中远海控</a></td><td class="StockHotList_gain_2E8 "><i class="iconfont_iconfont_9UW  stockDown"></i></td><td class="StockHotList_gain_2E8 ">1751</td></tr><tr><td>4</td><td><a href="/S/SH603026" target="_blank" rel="noreferrer noopener">石大胜华</a></td><td class="StockHotList_gain_2E8 "><i class="iconfont_iconfont_9UW  stockDown"></i></td><td class="StockHotList_gain_2E8 ">1746</td></tr><tr><td>5</td><td><a href="/S/SZ002714" target="_blank" rel="noreferrer noopener">牧原股份</a></td><td class="StockHotList_gain_2E8 "><i class="iconfont_iconfont_9UW  stockDown"></i></td><td class="StockHotList_gain_2E8 ">1578</td></tr><tr><td>6</td><td><a href="/S/SH601600" target="_blank" rel="noreferrer noopener">中国铝业</a></td><td class="StockHotList_gain_2E8 "><i class="iconfont_iconfont_9UW  stockDown"></i></td><td class="StockHotList_gain_2E8 ">1567</td></tr><tr><td>7</td><td><a href="/S/SZ002594" target="_blank" rel="noreferrer noopener">比亚迪</a></td><td class=" StockHotList_slip_2-Z"><i class="iconfont_iconfont_9UW  stockUp"></i></td><td class=" StockHotList_slip_2-Z">1464</td></tr><tr><td>8</td><td><a href="/S/SZ002127" target="_blank" rel="noreferrer noopener">南极电商</a></td><td class="StockHotList_gain_2E8 "><i class="iconfont_iconfont_9UW  stockDown"></i></td><td class="StockHotList_gain_2E8 ">1362</td></tr></tbody></table></div>
2021/07/18 09:10:01 /home/admin/golang_study/later_learning/data_service/data_svr/process_db_finance.go:12: <h3>雪球热股榜 - 沪深</h3><table border='2' width='500px'><tr align='center'><td>1</td><td>广誉远</td><td bgcolor='green'><b>↓</b></td><td>2847</td></tr><tr align='center'><td>2</td><td>沃森生物</td><td bgcolor='green'><b>↓</b></td><td>1935</td></tr><tr align='center'><td>3</td><td>中远海控</td><td bgcolor='green'><b>↓</b></td><td>1751</td></tr><tr align='center'><td>4</td><td>石大胜华</td><td bgcolor='green'><b>↓</b></td><td>1746</td></tr><tr align='center'><td>5</td><td>牧原股份</td><td bgcolor='green'><b>↓</b></td><td>1578</td></tr><tr align='center'><td>6</td><td>中国铝业</td><td bgcolor='green'><b>↓</b></td><td>1567</td></tr><tr align='center'><td>7</td><td>比亚迪</td><td bgcolor='red'><b>↑</b></td><td>1464</td></tr><tr align='center'><td>8</td><td>南极电商</td><td bgcolor='green'><b>↓</b></td><td>1362</td></tr></table>
2021/07/18 09:10:03 /home/admin/golang_study/later_learning/data_service/sendmail/send_mail.go:51: send mail success
2021/07/18 21:30:01 /home/admin/golang_study/later_learning/data_service/sendmail/send_mail.go:51: send mail success
2021/07/18 22:20:00 /home/admin/golang_study/later_learning/data_service/data_svr/process_db_finance.go:25: Chrome visit page https://xueqiu.com/
2021/07/18 22:20:01 /home/admin/golang_study/later_learning/data_service/sendmail/send_mail.go:51: send mail success
2021/07/18 22:20:01 /home/admin/golang_study/later_learning/data_service/data_svr/process_db_finance.go:32: <div class="StockHotList_stock-hot__container_3fO StockHotList_board_Yio"><h3>热股榜<a class="StockHotList_more_NCE" href="/hq">更多</a></h3><div class="StockHotList_tabs__panel_1ah"><a class="StockHotList_active_2_L">全球</a><a class="">沪深</a><a class="">港股</a><a class="">美股</a></div><div class="StockHotList_stock-hot__time_3Z8"><a class="StockHotList_active_2_L">1小时内最热</a><i class="iconfont_iconfont_9UW  dot"></i><a class="">24小时内最热</a></div><table class="StockHotList_stock-hot__list_Do4 StockHotList_board__list_2rp"><tbody><tr><td>1</td><td><a href="/S/SH600096" target="_blank" rel="noreferrer noopener">云天化</a></td><td class="StockHotList_gain_2E8 "><i class="iconfont_iconfont_9UW  stockDown"></i></td><td class="StockHotList_gain_2E8 ">6218</td></tr><tr><td>2</td><td><a href="/S/SH600771" target="_blank" rel="noreferrer noopener">广誉远</a></td><td class="StockHotList_gain_2E8 "><i class="iconfont_iconfont_9UW  stockDown"></i></td><td class="StockHotList_gain_2E8 ">3555</td></tr><tr><td>3</td><td><a href="/S/SH601919" target="_blank" rel="noreferrer noopener">中远海控</a></td><td class=" StockHotList_slip_2-Z"><i class="iconfont_iconfont_9UW  stockUp"></i></td><td class=" StockHotList_slip_2-Z">3090</td></tr><tr><td>4</td><td><a href="/S/SH600196" target="_blank" rel="noreferrer noopener">复星医药</a></td><td class=" StockHotList_slip_2-Z"><i class="iconfont_iconfont_9UW  stockUp"></i></td><td class=" StockHotList_slip_2-Z">2792</td></tr><tr><td>5</td><td><a href="/S/SZ000895" target="_blank" rel="noreferrer noopener">双汇发展</a></td><td class="StockHotList_gain_2E8 "><i class="iconfont_iconfont_9UW  stockDown"></i></td><td class="StockHotList_gain_2E8 ">2678</td></tr><tr><td>6</td><td><a href="/S/SZ300142" target="_blank" rel="noreferrer noopener">沃森生物</a></td><td class=" StockHotList_slip_2-Z"><i class="iconfont_iconfont_9UW  stockUp"></i></td><td class=" StockHotList_slip_2-Z">2521</td></tr><tr><td>7</td><td><a href="/S/SH601318" target="_blank" rel="noreferrer noopener">中国平安</a></td><td class="StockHotList_gain_2E8 "><i class="iconfont_iconfont_9UW  stockDown"></i></td><td class="StockHotList_gain_2E8 ">2444</td></tr><tr><td>8</td><td><a href="/S/SH603026" target="_blank" rel="noreferrer noopener">石大胜华</a></td><td class=" "><i class="iconfont_iconfont_9UW  stockDown"></i></td><td class=" ">2240</td></tr></tbody></table></div>
2021/07/18 22:20:01 /home/admin/golang_study/later_learning/data_service/data_svr/process_db_finance.go:12: <h3>雪球热股榜 - 沪深</h3><table border='2' width='500px'><tr align='center'><td>1</td><td>云天化</td><td bgcolor='green'><b>↓</b></td><td>6218</td></tr><tr align='center'><td>2</td><td>广誉远</td><td bgcolor='green'><b>↓</b></td><td>3555</td></tr><tr align='center'><td>3</td><td>中远海控</td><td bgcolor='red'><b>↑</b></td><td>3090</td></tr><tr align='center'><td>4</td><td>复星医药</td><td bgcolor='red'><b>↑</b></td><td>2792</td></tr><tr align='center'><td>5</td><td>双汇发展</td><td bgcolor='green'><b>↓</b></td><td>2678</td></tr><tr align='center'><td>6</td><td>沃森生物</td><td bgcolor='red'><b>↑</b></td><td>2521</td></tr><tr align='center'><td>7</td><td>中国平安</td><td bgcolor='green'><b>↓</b></td><td>2444</td></tr><tr align='center'><td>8</td><td>石大胜华</td><td bgcolor='green'><b>↓</b></td><td>2240</td></tr></table>
2021/07/18 22:20:03 /home/admin/golang_study/later_learning/data_service/sendmail/send_mail.go:51: send mail success
2021/07/19 09:00:07 /home/admin/golang_study/later_learning/data_service/data_svr/process_db_weather.go:75: 达州天气
2021/07/19 09:00:07 /home/admin/golang_study/later_learning/data_service/data_svr/process_db_weather.go:78: 24℃
2021/07/19 09:00:07 /home/admin/golang_study/later_learning/data_service/data_svr/process_db_weather.go:81: 阴转小雨23 ~ 31℃
2021/07/19 09:00:07 /home/admin/golang_study/later_learning/data_service/data_svr/process_db_weather.go:30: C(time.Now().String() ==  2021-07-19
2021/07/19 09:00:07 /home/admin/golang_study/later_learning/data_service/data_svr/process_db_weather.go:33: Chrome visit page http://news.iciba.com/
2021/07/19 09:00:08 /home/admin/golang_study/later_learning/data_service/data_svr/process_db_weather.go:48: 真正的失败者是那些害怕失败不敢尝试的人。
2021/07/19 09:00:08 /home/admin/golang_study/later_learning/data_service/data_svr/process_db_weather.go:55: A real loser is someone so afraid of not wining, they don't even try. 
2021/07/19 09:00:10 /home/admin/golang_study/later_learning/data_service/sendmail/send_mail.go:51: send mail success
2021/07/19 09:10:00 /home/admin/golang_study/later_learning/data_service/data_svr/process_db_finance.go:25: Chrome visit page https://xueqiu.com/
2021/07/19 09:10:02 /home/admin/golang_study/later_learning/data_service/data_svr/process_db_finance.go:32: <div class="StockHotList_stock-hot__container_3fO StockHotList_board_Yio"><h3>热股榜<a class="StockHotList_more_NCE" href="/hq">更多</a></h3><div class="StockHotList_tabs__panel_1ah"><a class="StockHotList_active_2_L">全球</a><a class="">沪深</a><a class="">港股</a><a class="">美股</a></div><div class="StockHotList_stock-hot__time_3Z8"><a class="StockHotList_active_2_L">1小时内最热</a><i class="iconfont_iconfont_9UW  dot"></i><a class="">24小时内最热</a></div><table class="StockHotList_stock-hot__list_Do4 StockHotList_board__list_2rp"><tbody><tr><td>1</td><td><a href="/S/SH600096" target="_blank" rel="noreferrer noopener">云天化</a></td><td class="StockHotList_gain_2E8 "><i class="iconfont_iconfont_9UW  stockDown"></i></td><td class="StockHotList_gain_2E8 ">5627</td></tr><tr><td>2</td><td><a href="/S/SH600893" target="_blank" rel="noreferrer noopener">航发动力</a></td><td class="StockHotList_gain_2E8 "><i class="iconfont_iconfont_9UW  stockDown"></i></td><td class="StockHotList_gain_2E8 ">4105</td></tr><tr><td>3</td><td><a href="/S/SH601919" target="_blank" rel="noreferrer noopener">中远海控</a></td><td class="StockHotList_gain_2E8 "><i class="iconfont_iconfont_9UW  stockDown"></i></td><td class="StockHotList_gain_2E8 ">3941</td></tr><tr><td>4</td><td><a href="/S/SH600771" target="_blank" rel="noreferrer noopener">广誉远</a></td><td class="StockHotList_gain_2E8 "><i class="iconfont_iconfont_9UW  stockDown"></i></td><td class="StockHotList_gain_2E8 ">3314</td></tr><tr><td>5</td><td><a href="/S/SZ000683" target="_blank" rel="noreferrer noopener">远兴能源</a></td><td class="StockHotList_gain_2E8 "><i class="iconfont_iconfont_9UW  stockDown"></i></td><td class="StockHotList_gain_2E8 ">3113</td></tr><tr><td>6</td><td><a href="/S/SH600196" target="_blank" rel="noreferrer noopener">XD复星医</a></td><td class="StockHotList_gain_2E8 "><i class="iconfont_iconfont_9UW  stockDown"></i></td><td class="StockHotList_gain_2E8 ">2776</td></tr><tr><td>7</td><td><a href="/S/SH601020" target="_blank" rel="noreferrer noopener">ST华钰</a></td><td class="StockHotList_gain_2E8 "><i class="iconfont_iconfont_9UW  stockDown"></i></td><td class="StockHotList_gain_2E8 ">2738</td></tr><tr><td>8</td><td><a href="/S/SZ000895" target="_blank" rel="noreferrer noopener">双汇发展</a></td><td class="StockHotList_gain_2E8 "><i class="iconfont_iconfont_9UW  stockDown"></i></td><td class="StockHotList_gain_2E8 ">2411</td></tr></tbody></table></div>
2021/07/19 09:10:02 /home/admin/golang_study/later_learning/data_service/data_svr/process_db_finance.go:12: <h3>雪球热股榜 - 沪深</h3><table border='2' width='500px'><tr align='center'><td>1</td><td>云天化</td><td bgcolor='green'><b>↓</b></td><td>5627</td></tr><tr align='center'><td>2</td><td>航发动力</td><td bgcolor='green'><b>↓</b></td><td>4105</td></tr><tr align='center'><td>3</td><td>中远海控</td><td bgcolor='green'><b>↓</b></td><td>3941</td></tr><tr align='center'><td>4</td><td>广誉远</td><td bgcolor='green'><b>↓</b></td><td>3314</td></tr><tr align='center'><td>5</td><td>远兴能源</td><td bgcolor='green'><b>↓</b></td><td>3113</td></tr><tr align='center'><td>6</td><td>XD复星医</td><td bgcolor='green'><b>↓</b></td><td>2776</td></tr><tr align='center'><td>7</td><td>ST华钰</td><td bgcolor='green'><b>↓</b></td><td>2738</td></tr><tr align='center'><td>8</td><td>双汇发展</td><td bgcolor='green'><b>↓</b></td><td>2411</td></tr></table>
2021/07/19 09:10:03 /home/admin/golang_study/later_learning/data_service/sendmail/send_mail.go:51: send mail success
2021/07/19 21:30:01 /home/admin/golang_study/later_learning/data_service/sendmail/send_mail.go:51: send mail success
2021/07/19 22:20:00 /home/admin/golang_study/later_learning/data_service/data_svr/process_db_finance.go:25: Chrome visit page https://xueqiu.com/
2021/07/19 22:20:01 /home/admin/golang_study/later_learning/data_service/sendmail/send_mail.go:51: send mail success
2021/07/19 22:20:07 /home/admin/golang_study/later_learning/data_service/data_svr/process_db_finance.go:32: <div class="StockHotList_stock-hot__container_3fO StockHotList_board_Yio"><h3>热股榜<a class="StockHotList_more_NCE" href="/hq">更多</a></h3><div class="StockHotList_tabs__panel_1ah"><a class="StockHotList_active_2_L">全球</a><a class="">沪深</a><a class="">港股</a><a class="">美股</a></div><div class="StockHotList_stock-hot__time_3Z8"><a class="StockHotList_active_2_L">1小时内最热</a><i class="iconfont_iconfont_9UW  dot"></i><a class="">24小时内最热</a></div><table class="StockHotList_stock-hot__list_Do4 StockHotList_board__list_2rp"><tbody><tr><td>1</td><td><a href="/S/SH600771" target="_blank" rel="noreferrer noopener">广誉远</a></td><td class="StockHotList_gain_2E8 "><i class="iconfont_iconfont_9UW  stockDown"></i></td><td class="StockHotList_gain_2E8 ">10492</td></tr><tr><td>2</td><td><a href="/S/03333" target="_blank" rel="noreferrer noopener">中国恒大</a></td><td class="StockHotList_gain_2E8 "><i class="iconfont_iconfont_9UW  stockDown"></i></td><td class="StockHotList_gain_2E8 ">9275</td></tr><tr><td>3</td><td><a href="/S/DIDI" target="_blank" rel="noreferrer noopener">滴滴</a></td><td class="StockHotList_gain_2E8 "><i class="iconfont_iconfont_9UW  stockDown"></i></td><td class="StockHotList_gain_2E8 ">9131</td></tr><tr><td>4</td><td><a href="/S/SZ301025" target="_blank" rel="noreferrer noopener">N读客</a></td><td class=" StockHotList_slip_2-Z"><i class="iconfont_iconfont_9UW  stockUp"></i></td><td class=" StockHotList_slip_2-Z">8282</td></tr><tr><td>5</td><td><a href="/S/SH601919" target="_blank" rel="noreferrer noopener">中远海控</a></td><td class="StockHotList_gain_2E8 "><i class="iconfont_iconfont_9UW  stockDown"></i></td><td class="StockHotList_gain_2E8 ">6999</td></tr><tr><td>6</td><td><a href="/S/SZ000895" target="_blank" rel="noreferrer noopener">双汇发展</a></td><td class=" StockHotList_slip_2-Z"><i class="iconfont_iconfont_9UW  stockUp"></i></td><td class=" StockHotList_slip_2-Z">6683</td></tr><tr><td>7</td><td><a href="/S/TAL" target="_blank" rel="noreferrer noopener">好未来</a></td><td class="StockHotList_gain_2E8 "><i class="iconfont_iconfont_9UW  stockDown"></i></td><td class="StockHotList_gain_2E8 ">5476</td></tr><tr><td>8</td><td><a href="/S/SH600460" target="_blank" rel="noreferrer noopener">士兰微</a></td><td class=" StockHotList_slip_2-Z"><i class="iconfont_iconfont_9UW  stockUp"></i></td><td class=" StockHotList_slip_2-Z">4924</td></tr></tbody></table></div>
2021/07/19 22:20:07 /home/admin/golang_study/later_learning/data_service/data_svr/process_db_finance.go:12: <h3>雪球热股榜 - 沪深</h3><table border='2' width='500px'><tr align='center'><td>1</td><td>广誉远</td><td bgcolor='green'><b>↓</b></td><td>10492</td></tr><tr align='center'><td>2</td><td>中国恒大</td><td bgcolor='green'><b>↓</b></td><td>9275</td></tr><tr align='center'><td>3</td><td>滴滴</td><td bgcolor='green'><b>↓</b></td><td>9131</td></tr><tr align='center'><td>4</td><td>N读客</td><td bgcolor='red'><b>↑</b></td><td>8282</td></tr><tr align='center'><td>5</td><td>中远海控</td><td bgcolor='green'><b>↓</b></td><td>6999</td></tr><tr align='center'><td>6</td><td>双汇发展</td><td bgcolor='red'><b>↑</b></td><td>6683</td></tr><tr align='center'><td>7</td><td>好未来</td><td bgcolor='green'><b>↓</b></td><td>5476</td></tr><tr align='center'><td>8</td><td>士兰微</td><td bgcolor='red'><b>↑</b></td><td>4924</td></tr></table>
2021/07/19 22:20:08 /home/admin/golang_study/later_learning/data_service/sendmail/send_mail.go:51: send mail success
2021/07/20 09:00:08 /home/admin/golang_study/later_learning/data_service/data_svr/process_db_weather.go:75: 达州天气
2021/07/20 09:00:08 /home/admin/golang_study/later_learning/data_service/data_svr/process_db_weather.go:78: 25℃
2021/07/20 09:00:08 /home/admin/golang_study/later_learning/data_service/data_svr/process_db_weather.go:81: 晴24 ~ 33℃
2021/07/20 09:00:08 /home/admin/golang_study/later_learning/data_service/data_svr/process_db_weather.go:30: C(time.Now().String() ==  2021-07-20
2021/07/20 09:00:08 /home/admin/golang_study/later_learning/data_service/data_svr/process_db_weather.go:33: Chrome visit page http://news.iciba.com/
2021/07/20 09:00:15 /home/admin/golang_study/later_learning/data_service/data_svr/process_db_weather.go:48: 如果你有梦想，就去守护它。
2021/07/20 09:00:15 /home/admin/golang_study/later_learning/data_service/data_svr/process_db_weather.go:55: You have dreams,you go to protect it.
2021/07/20 09:00:16 /home/admin/golang_study/later_learning/data_service/sendmail/send_mail.go:51: send mail success
2021/07/20 09:10:00 /home/admin/golang_study/later_learning/data_service/data_svr/process_db_finance.go:25: Chrome visit page https://xueqiu.com/
2021/07/20 09:10:08 /home/admin/golang_study/later_learning/data_service/data_svr/process_db_finance.go:32: <div class="StockHotList_stock-hot__container_3fO StockHotList_board_Yio"><h3>热股榜<a class="StockHotList_more_NCE" href="/hq">更多</a></h3><div class="StockHotList_tabs__panel_1ah"><a class="StockHotList_active_2_L">全球</a><a class="">沪深</a><a class="">港股</a><a class="">美股</a></div><div class="StockHotList_stock-hot__time_3Z8"><a class="StockHotList_active_2_L">1小时内最热</a><i class="iconfont_iconfont_9UW  dot"></i><a class="">24小时内最热</a></div><table class="StockHotList_stock-hot__list_Do4 StockHotList_board__list_2rp"><tbody><tr><td>1</td><td><a href="/S/DIDI" target="_blank" rel="noreferrer noopener">滴滴</a></td><td class="StockHotList_gain_2E8 "><i class="iconfont_iconfont_9UW  stockDown"></i></td><td class="StockHotList_gain_2E8 ">7511</td></tr><tr><td>2</td><td><a href="/S/SH600771" target="_blank" rel="noreferrer noopener">广誉远</a></td><td class="StockHotList_gain_2E8 "><i class="iconfont_iconfont_9UW  stockDown"></i></td><td class="StockHotList_gain_2E8 ">6140</td></tr><tr><td>3</td><td><a href="/S/03333" target="_blank" rel="noreferrer noopener">中国恒大</a></td><td class="StockHotList_gain_2E8 "><i class="iconfont_iconfont_9UW  stockDown"></i></td><td class="StockHotList_gain_2E8 ">6112</td></tr><tr><td>4</td><td><a href="/S/SH601919" target="_blank" rel="noreferrer noopener">中远海控</a></td><td class="StockHotList_gain_2E8 "><i class="iconfont_iconfont_9UW  stockDown"></i></td><td class="StockHotList_gain_2E8 ">5521</td></tr><tr><td>5</td><td><a href="/S/SZ000895" target="_blank" rel="noreferrer noopener">双汇发展</a></td><td class="StockHotList_gain_2E8 "><i class="iconfont_iconfont_9UW  stockDown"></i></td><td class="StockHotList_gain_2E8 ">4150</td></tr><tr><td>6</td><td><a href="/S/SZ000063" target="_blank" rel="noreferrer noopener">中兴通讯</a></td><td class="StockHotList_gain_2E8 "><i class="iconfont_iconfont_9UW  stockDown"></i></td><td class="StockHotList_gain_2E8 ">3802</td></tr><tr><td>7</td><td><a href="/S/MRNA" target="_blank" rel="noreferrer noopener">Moderna</a></td><td class=" StockHotList_slip_2-Z"><i class="iconfont_iconfont_9UW  stockUp"></i></td><td class=" StockHotList_slip_2-Z">3211</td></tr><tr><td>8</td><td><a href="/S/SH600196" target="_blank" rel="noreferrer noopener">复星医药</a></td><td class="StockHotList_gain_2E8 "><i class="iconfont_iconfont_9UW  stockDown"></i></td><td class="StockHotList_gain_2E8 ">3006</td></tr></tbody></table></div>
2021/07/20 09:10:08 /home/admin/golang_study/later_learning/data_service/data_svr/process_db_finance.go:12: <h3>雪球热股榜 - 沪深</h3><table border='2' width='500px'><tr align='center'><td>1</td><td>滴滴</td><td bgcolor='green'><b>↓</b></td><td>7511</td></tr><tr align='center'><td>2</td><td>广誉远</td><td bgcolor='green'><b>↓</b></td><td>6140</td></tr><tr align='center'><td>3</td><td>中国恒大</td><td bgcolor='green'><b>↓</b></td><td>6112</td></tr><tr align='center'><td>4</td><td>中远海控</td><td bgcolor='green'><b>↓</b></td><td>5521</td></tr><tr align='center'><td>5</td><td>双汇发展</td><td bgcolor='green'><b>↓</b></td><td>4150</td></tr><tr align='center'><td>6</td><td>中兴通讯</td><td bgcolor='green'><b>↓</b></td><td>3802</td></tr><tr align='center'><td>7</td><td>Moderna</td><td bgcolor='red'><b>↑</b></td><td>3211</td></tr><tr align='center'><td>8</td><td>复星医药</td><td bgcolor='green'><b>↓</b></td><td>3006</td></tr></table>
2021/07/20 09:10:11 /home/admin/golang_study/later_learning/data_service/sendmail/send_mail.go:51: send mail success
2021/07/21 01:47:02 /home/admin/golang_study/later_learning/data_service/data_svr/process_db_finance.go:25: Chrome visit page https://xueqiu.com/
2021/07/21 08:41:36 /home/admin/golang_study/later_learning/data_service/sendmail/send_mail.go:48: DialAndSend err dial tcp: i/o timeout:
2021/07/21 08:50:10 /home/admin/golang_study/later_learning/data_service/sendmail/send_mail.go:48: DialAndSend err dial tcp: i/o timeout:
2021/07/21 09:07:51 /home/admin/golang_study/later_learning/data_service/data_svr/process_db_daily_info.go:25: SMail.SendMail error:  dial tcp: i/o timeout
2021/07/21 09:20:25 /home/admin/golang_study/later_learning/data_service/data_svr/process_db_daily_info.go:25: SMail.SendMail error:  dial tcp: i/o timeout
2021/07/21 10:40:39 /home/admin/golang_study/later_learning/data_service/data_svr/process_db_finance.go:25: Chrome visit page https://xueqiu.com/
2021/07/21 17:04:56 /home/admin/golang_study/later_learning/data_service/httpdb/get_db.go:41: Run err : context deadline exceeded
2021/07/21 17:04:58 /home/admin/golang_study/later_learning/data_service/data_svr/process_db_finance.go:28: GetHttpHtmlContent err : context deadline exceeded
2021/07/21 17:04:59 /home/admin/golang_study/later_learning/data_service/data_svr/process_db_finance.go:12: 
2021/07/21 17:19:32 /home/admin/golang_study/later_learning/data_service/httpdb/get_db.go:41: Run err : context deadline exceeded
2021/07/21 17:19:32 /home/admin/golang_study/later_learning/data_service/data_svr/process_db_weather.go:64: GetHttpHtmlContent err : context deadline exceeded
2021/07/21 17:19:33 /home/admin/golang_study/later_learning/data_service/data_svr/process_db_weather.go:30: C(time.Now().String() ==  2021-07-21
2021/07/21 17:19:33 /home/admin/golang_study/later_learning/data_service/data_svr/process_db_weather.go:33: Chrome visit page http://news.iciba.com/
2021/07/21 18:24:46 /home/admin/golang_study/later_learning/data_service/httpdb/get_db.go:41: Run err : context deadline exceeded
2021/07/21 18:33:32 /home/admin/golang_study/later_learning/data_service/data_svr/process_db_finance.go:28: GetHttpHtmlContent err : context deadline exceeded
2021/07/21 18:40:42 /home/admin/golang_study/later_learning/data_service/data_svr/process_db_finance.go:12: 
2021/07/21 18:42:46 /home/admin/golang_study/later_learning/data_service/sendmail/send_mail.go:48: DialAndSend err dial tcp: i/o timeout:
2021/07/21 18:48:35 /home/admin/golang_study/later_learning/data_service/data_svr/process_db_finance.go:17: SMail.SendMail error:  dial tcp: i/o timeout
2021/07/21 20:29:10 /home/admin/golang_study/later_learning/data_service/sendmail/send_mail.go:48: DialAndSend err dial tcp: i/o timeout:
2021/07/21 20:29:27 /home/admin/golang_study/later_learning/data_service/data_svr/process_db_finance.go:17: SMail.SendMail error:  dial tcp: i/o timeout
2021/07/21 20:31:56 /home/admin/golang_study/later_learning/data_service/httpdb/get_db.go:41: Run err : context deadline exceeded
2021/07/21 20:32:32 /home/admin/golang_study/later_learning/data_service/data_svr/process_db_weather.go:36: GetHttpHtmlContent err : context deadline exceeded
2021/07/21 20:45:06 /home/admin/golang_study/later_learning/data_service/sendmail/send_mail.go:48: DialAndSend err dial tcp: i/o timeout:
2021/07/21 21:24:15 /home/admin/golang_study/later_learning/data_service/data_svr/process_db_weather.go:22: SMail.SendMail error:  dial tcp: i/o timeout
2021/07/22 02:00:39 /home/admin/golang_study/later_learning/data_service/data_svr/process_db_finance.go:25: Chrome visit page https://xueqiu.com/
2021/07/22 02:00:54 /home/admin/golang_study/later_learning/data_service/sendmail/send_mail.go:51: send mail success
2021/07/22 02:00:54 /home/admin/golang_study/later_learning/data_service/sendmail/send_mail.go:51: send mail success
2021/07/22 05:54:36 /home/admin/golang_study/later_learning/data_service/httpdb/get_db.go:41: Run err : context deadline exceeded
2021/07/22 05:57:23 /home/admin/golang_study/later_learning/data_service/data_svr/process_db_finance.go:28: GetHttpHtmlContent err : context deadline exceeded
2021/07/22 06:00:20 /home/admin/golang_study/later_learning/data_service/data_svr/process_db_finance.go:12: 
2021/07/22 06:59:42 /home/admin/golang_study/later_learning/data_service/sendmail/send_mail.go:48: DialAndSend err dial tcp: i/o timeout:
2021/07/22 08:22:26 /home/admin/golang_study/later_learning/data_service/data_svr/process_db_finance.go:17: SMail.SendMail error:  dial tcp: i/o timeout
2021/07/22 10:05:10 /home/admin/golang_study/later_learning/data_service/data_svr/process_db_finance.go:25: Chrome visit page https://xueqiu.com/
2021/07/22 10:22:51 /home/admin/golang_study/later_learning/data_service/httpdb/get_db.go:41: Run err : context deadline exceeded
2021/07/22 10:22:52 /home/admin/golang_study/later_learning/data_service/httpdb/get_db.go:41: Run err : context deadline exceeded
2021/07/22 10:22:52 /home/admin/golang_study/later_learning/data_service/data_svr/process_db_weather.go:64: GetHttpHtmlContent err : context deadline exceeded
2021/07/22 10:22:52 /home/admin/golang_study/later_learning/data_service/data_svr/process_db_weather.go:30: C(time.Now().String() ==  2021-07-22
2021/07/22 10:22:52 /home/admin/golang_study/later_learning/data_service/data_svr/process_db_finance.go:28: GetHttpHtmlContent err : context deadline exceeded
2021/07/22 10:22:52 /home/admin/golang_study/later_learning/data_service/data_svr/process_db_finance.go:12: 
2021/07/22 10:22:52 /home/admin/golang_study/later_learning/data_service/data_svr/process_db_weather.go:33: Chrome visit page http://news.iciba.com/
2021/07/22 10:22:56 /home/admin/golang_study/later_learning/data_service/sendmail/send_mail.go:51: send mail success
2021/07/22 10:24:00 /home/admin/golang_study/later_learning/data_service/httpdb/get_db.go:41: Run err : context deadline exceeded
2021/07/22 10:24:07 /home/admin/golang_study/later_learning/data_service/data_svr/process_db_weather.go:36: GetHttpHtmlContent err : context deadline exceeded
2021/07/22 10:24:18 /home/admin/golang_study/later_learning/data_service/sendmail/send_mail.go:51: send mail success
2021/07/22 23:39:27 /home/admin/golang_study/later_learning/data_service/data_svr/process_db_finance.go:25: Chrome visit page https://xueqiu.com/
2021/07/23 00:14:25 /home/admin/golang_study/later_learning/data_service/sendmail/send_mail.go:48: DialAndSend err dial tcp: i/o timeout:
2021/07/23 00:30:21 /home/admin/golang_study/later_learning/data_service/data_svr/process_db_daily_info.go:25: SMail.SendMail error:  dial tcp: i/o timeout
2021/07/23 01:16:02 /home/admin/golang_study/later_learning/data_service/sendmail/send_mail.go:48: DialAndSend err dial tcp: i/o timeout:
2021/07/23 02:54:30 /home/admin/golang_study/later_learning/data_service/data_svr/process_db_daily_info.go:25: SMail.SendMail error:  dial tcp: i/o timeout
2021/07/23 04:16:45 /home/admin/golang_study/later_learning/data_service/httpdb/get_db.go:41: Run err : context deadline exceeded
2021/07/23 04:17:12 /home/admin/golang_study/later_learning/data_service/data_svr/process_db_finance.go:28: GetHttpHtmlContent err : context deadline exceeded
2021/07/23 04:17:13 /home/admin/golang_study/later_learning/data_service/data_svr/process_db_finance.go:12: 
2021/07/23 04:50:04 /home/admin/golang_study/later_learning/data_service/sendmail/send_mail.go:51: send mail success
2021/07/23 09:23:29 /home/admin/golang_study/later_learning/data_service/data_svr/process_db_finance.go:25: Chrome visit page https://xueqiu.com/
2021/07/23 10:29:14 /home/admin/golang_study/later_learning/data_service/main.go:15:  ------------ start  main ------------
2021/07/23 10:29:22 /home/admin/golang_study/later_learning/data_service/data_svr/process_db_weather.go:75: 广州天气
2021/07/23 10:29:22 /home/admin/golang_study/later_learning/data_service/data_svr/process_db_weather.go:78: 31℃
2021/07/23 10:29:22 /home/admin/golang_study/later_learning/data_service/data_svr/process_db_weather.go:81: 多云27 ~ 35℃
2021/07/23 10:29:22 /home/admin/golang_study/later_learning/data_service/data_svr/process_db_weather.go:30: C(time.Now().String() ==  2021-07-23
2021/07/23 10:29:22 /home/admin/golang_study/later_learning/data_service/data_svr/process_db_weather.go:33: Chrome visit page http://news.iciba.com/
2021/07/23 10:29:28 /home/admin/golang_study/later_learning/data_service/data_svr/process_db_weather.go:48: 世人也许循规蹈矩，但我必须遵从内心。 
2021/07/23 10:29:28 /home/admin/golang_study/later_learning/data_service/data_svr/process_db_weather.go:55: The rest of the world may follow the rules, but I must follow my heart.
2021/07/23 10:29:30 /home/admin/golang_study/later_learning/data_service/sendmail/send_mail.go:51: send mail success
2021/07/23 10:29:30 /home/admin/golang_study/later_learning/data_service/data_svr/process_db_finance.go:25: Chrome visit page https://xueqiu.com/
2021/07/23 10:29:36 /home/admin/golang_study/later_learning/data_service/data_svr/process_db_finance.go:32: <div class="StockHotList_stock-hot__container_3fO StockHotList_board_Yio"><h3>热股榜<a class="StockHotList_more_NCE" href="/hq">更多</a></h3><div class="StockHotList_tabs__panel_1ah"><a class="StockHotList_active_2_L">全球</a><a class="">沪深</a><a class="">港股</a><a class="">美股</a></div><div class="StockHotList_stock-hot__time_3Z8"><a class="StockHotList_active_2_L">1小时内最热</a><i class="iconfont_iconfont_9UW  dot"></i><a class="">24小时内最热</a></div><table class="StockHotList_stock-hot__list_Do4 StockHotList_board__list_2rp"><tbody><tr><td>1</td><td><a href="/S/SH601919" target="_blank" rel="noreferrer noopener">中远海控</a></td><td class="StockHotList_gain_2E8 "><i class="iconfont_iconfont_9UW  stockDown"></i></td><td class="StockHotList_gain_2E8 ">28413</td></tr><tr><td>2</td><td><a href="/S/SZ002340" target="_blank" rel="noreferrer noopener">格林美</a></td><td class="StockHotList_gain_2E8 "><i class="iconfont_iconfont_9UW  stockDown"></i></td><td class="StockHotList_gain_2E8 ">22822</td></tr><tr><td>3</td><td><a href="/S/SH600436" target="_blank" rel="noreferrer noopener">片仔癀</a></td><td class="StockHotList_gain_2E8 "><i class="iconfont_iconfont_9UW  stockDown"></i></td><td class="StockHotList_gain_2E8 ">19576</td></tr><tr><td>4</td><td><a href="/S/SH600771" target="_blank" rel="noreferrer noopener">广誉远</a></td><td class=" StockHotList_slip_2-Z"><i class="iconfont_iconfont_9UW  stockUp"></i></td><td class=" StockHotList_slip_2-Z">18279</td></tr><tr><td>5</td><td><a href="/S/SZ002594" target="_blank" rel="noreferrer noopener">比亚迪</a></td><td class="StockHotList_gain_2E8 "><i class="iconfont_iconfont_9UW  stockDown"></i></td><td class="StockHotList_gain_2E8 ">14243</td></tr><tr><td>6</td><td><a href="/S/SH600031" target="_blank" rel="noreferrer noopener">三一重工</a></td><td class=" StockHotList_slip_2-Z"><i class="iconfont_iconfont_9UW  stockUp"></i></td><td class=" StockHotList_slip_2-Z">13330</td></tr><tr><td>7</td><td><a href="/S/SH600519" target="_blank" rel="noreferrer noopener">贵州茅台</a></td><td class="StockHotList_gain_2E8 "><i class="iconfont_iconfont_9UW  stockDown"></i></td><td class="StockHotList_gain_2E8 ">13255</td></tr><tr><td>8</td><td><a href="/S/SH600703" target="_blank" rel="noreferrer noopener">三安光电</a></td><td class=" StockHotList_slip_2-Z"><i class="iconfont_iconfont_9UW  stockUp"></i></td><td class=" StockHotList_slip_2-Z">12331</td></tr></tbody></table></div>
2021/07/23 10:29:36 /home/admin/golang_study/later_learning/data_service/data_svr/process_db_finance.go:12: <h3>雪球热股榜 - 沪深</h3><table border='2' width='500px'><tr align='center'><td>1</td><td>中远海控</td><td bgcolor='green'><b>↓</b></td><td>28413</td></tr><tr align='center'><td>2</td><td>格林美</td><td bgcolor='green'><b>↓</b></td><td>22822</td></tr><tr align='center'><td>3</td><td>片仔癀</td><td bgcolor='green'><b>↓</b></td><td>19576</td></tr><tr align='center'><td>4</td><td>广誉远</td><td bgcolor='red'><b>↑</b></td><td>18279</td></tr><tr align='center'><td>5</td><td>比亚迪</td><td bgcolor='green'><b>↓</b></td><td>14243</td></tr><tr align='center'><td>6</td><td>三一重工</td><td bgcolor='red'><b>↑</b></td><td>13330</td></tr><tr align='center'><td>7</td><td>贵州茅台</td><td bgcolor='green'><b>↓</b></td><td>13255</td></tr><tr align='center'><td>8</td><td>三安光电</td><td bgcolor='red'><b>↑</b></td><td>12331</td></tr></table>
2021/07/23 10:29:38 /home/admin/golang_study/later_learning/data_service/sendmail/send_mail.go:51: send mail success
2021/07/23 10:29:38 /home/admin/golang_study/later_learning/data_service/main.go:68:  ------------ wait next cron ------------
2021/07/23 10:41:17 /home/admin/golang_study/later_learning/data_service/main.go:16:  ------------ start  main ------------
2021/07/23 10:41:17 /home/admin/golang_study/later_learning/data_service/main.go:61:  ------------ wait next cron ------------
2021/07/23 10:58:41 /home/admin/golang_study/later_learning/data_service/main.go:16:  ------------ start  main ------------
2021/07/23 10:58:41 /home/admin/golang_study/later_learning/data_service/main.go:61:  ------------ wait next cron ------------
2021/07/23 10:59:00 /home/admin/golang_study/later_learning/data_service/main.go:16:  ------------ start  main ------------
2021/07/23 10:59:00 /home/admin/golang_study/later_learning/data_service/main.go:61:  ------------ wait next cron ------------
2021/07/23 11:00:06 /home/admin/golang_study/later_learning/data_service/main.go:16:  ------------ start  main ------------
2021/07/23 11:00:06 /home/admin/golang_study/later_learning/data_service/main.go:61:  ------------ wait next cron ------------
